LOAN 0

 
_______________
LOAN 0

 
_______________
QUERY 0

 
______________
LOAN 0

 
_______________
LOAN 0

 
_______________
LOAN 2

autore: Kernighan, Brian W.; autore: PikProgrammazione nella Pratica; titolo: Programmazione nella Pratica; prestito: 04-03-2024 09:12:02; editore: Addison-Wesley Longman Italia Editoriale; anno: 1999; nota: Edizione italiana; collocazione: Z.24.56; luogo_pubblicazione: Milano; descrizione_fisica: 294 p., softcov,  13 cm
autore: Kernighan, Brian W.; autore: Ritchie, Dennis M.; titolo: Il linguaggio C (seconda Edizione); prestito: 04-03-2024 09:12:02; editore: Jackson Libri; anno: 1989; nota: Edizione italiana; collocazione: Z.22.56; luogo_pubblicazione: Milano; descrizione_fisica: 359 p., softcov,  13 cm

_______________
LOAN 0

 
_______________
LOAN 2

autore: Aho, Alfred V.; autore: Sethi, Ravi; autore: Ullman, Jeffrey D.; titolo: Compilers: Principles, Techniques, and Tools; prestito: 04-03-2024 09:12:02; editore: Addison-Wesley; anno: 1986; luogo_pubblicazione: Reading MA; descrizione_fisica: 796 p., hardcov,  27 cm
autore: Aho, Alfred V.; autore: Lam, Monica S.; autore: Sethi, Ravi; autore: Ullman, JefCompilers: Principles, Techniques, and Tools(2nd Edition); titolo: Compilers: Principles, Techniques, and Tools(2nd Edition); prestito: 04-03-2024 09:12:02; editore: Pearson; anno: 2006; luogo_pubblicazione: Boston; descrizione_fisica: 1434 p., hardcov,  27 cm

_______________
QUERY 0

 
______________
LOAN 1

autore: Stevens, W. Richard; titolo: Unix Network Programming (Second Edition): Volume1 Networking APIs: Sockets and XTI; prestito: 04-03-2024 09:12:02; editore: Prentice Hall PTR; anno: 1998; nota: Aloha nui loa; collocazione: QA76.6; luogo_pubblicazione: Upper Saddle River, NY; descrizione_fisica: 1017 p., ill, 23 cm

_______________
