LOAN 0

 
_______________
LOAN 0

 
_______________
LOAN 0

 
_______________
LOAN 0

 
_______________
LOAN 0

 
_______________
LOAN 0

 
_______________
LOAN 0

 
_______________
LOAN 0

 
_______________
LOAN 0

 
_______________
QUERY 0

 
______________
LOAN 0

 
_______________
LOAN 1

autore: Dick, Philip K.; titolo: Do Androids Dream of Electric Sheep?; prestito: 07-03-2024 21:13:12; editore: Doubleday; anno: 1968; collocazione: SF.54.br; luogo_pubblicazione: New York; descrizione_fisica: 210p

_______________
LOAN 0

 
_______________
LOAN 0

 
_______________
QUERY 0

 
______________
LOAN 0

 
_______________
LOAN 0

 
_______________
LOAN 0

 
_______________
LOAN 0

 
_______________
QUERY 0

 
______________
LOAN 0

 
_______________
LOAN 0

 
_______________
LOAN 0

 
_______________
LOAN 0

 
_______________
QUERY 0

 
______________
LOAN 0

 
_______________
LOAN 0

 
_______________
LOAN 0

 
_______________
LOAN 0

 
_______________
QUERY 0

 
______________
LOAN 0

 
_______________
LOAN 0

 
_______________
LOAN 0

 
_______________
LOAN 0

 
_______________
QUERY 0

 
______________
