LOAN 2

autore: Di Ciccio   , Antonio; titolo: Manuale di architettura pisana; prestito: 07-03-2024 21:13:10; editore: Palestro; anno: 1990; collocazione: B.23.4; luogo_pubblicazione: Milano; descrizione_fisica: 123 p., ill,  23 cm
autore: Di Ciccio, Antonio; titolo: Manuale di architettura pisana; prestito: 07-03-2024 21:13:10; editore: Palestro; anno: 1990; volume: 1345; scaffale: A.west.2

_______________
LOAN 3

autore: Melis, Antonio Pietro Angelo; autore: Gatto Magnolfi, Gianni; titolo: Manuale di architettura fiorentina; prestito: 07-03-2024 21:13:10; editore: EQR; anno: 2010; nota: Copia del Vescovo; collocazione: B.12; volume: 5
autore: Melis, Antonio Pietro Angelo; autore: , Gianni; titolo: Manuale di architettura fiorentina; prestito: 07-03-2024 21:13:10; editore: EQR; anno: 1910; nota: Copia del Vescovo; collocazione: Z.12.56; luogo_pubblicazione: Firenze; descrizione_fisica: 34 p., cov,  59 cm
autore: Melis, Antonio Pietro Angelo; autore: Gatto Magnolfi, Gianni; titolo: Manuale di architettura fiorentina; prestito: 07-03-2024 21:13:10; editore: EQR; anno: 1910; nota: Copia del Vescovo; collocazione: Z.12.56; luogo_pubblicazione: Firenze; descrizione_fisica: 34 p., cov,  59 cm

_______________
LOAN 0

 
_______________
LOAN 0

 
_______________
LOAN 0

 
_______________
LOAN 2

autore: Kernighan, Brian W.; autore: Pike, Rob; titolo: Programmazione nella Pratica; prestito: 07-03-2024 21:13:11; editore: Addison-Wesley Longman Italia Editoriale; anno: 1999; nota: Edizione italiana; collocazione: Z.24.56; luogo_pubblicazione: Milano; descrizione_fisica: 294 p., softcov,  13 cm
autore: Kernighan, Brian W.; autore: Ritchie, Dennis M.; titolo: Il linguaggio C (seconda Edizione); prestito: 07-03-2024 21:13:11; editore: Jackson Libri; anno: 1989; nota: Edizione italiana; collocazione: Z.22.56; luogo_pubblicazione: Milano; descrizione_fisica: 359 p., softcov,  13 cm

_______________
LOAN 0

 
_______________
LOAN 0

 
_______________
QUERY 2

autore: Kernighan, Brian W.; autore: Pike, Rob; titolo: Programmazione nella Pratica; prestito: 07-03-2024 21:13:11; editore: Addison-Wesley Longman Italia Editoriale; anno: 1999; nota: Edizione italiana; collocazione: Z.24.56; luogo_pubblicazione: Milano; descrizione_fisica: 294 p., softcov,  13 cm
autore: Kernighan, Brian W.; autore: Ritchie, Dennis M.; titolo: Il linguaggio C (seconda Edizione); prestito: 07-03-2024 21:13:11; editore: Jackson Libri; anno: 1989; nota: Edizione italiana; collocazione: Z.22.56; luogo_pubblicazione: Milano; descrizione_fisica: 359 p., softcov,  13 cm

______________
LOAN 0

 
_______________
LOAN 0

 
_______________
LOAN 0

 
_______________
LOAN 0

 
_______________
LOAN 0

 
_______________
QUERY 2

autore: Kernighan, Brian W.; autore: Pike, Rob; titolo: Programmazione nella Pratica; prestito: 07-03-2024 21:13:11; editore: Addison-Wesley Longman Italia Editoriale; anno: 1999; nota: Edizione italiana; collocazione: Z.24.56; luogo_pubblicazione: Milano; descrizione_fisica: 294 p., softcov,  13 cm
autore: Kernighan, Brian W.; autore: Ritchie, Dennis M.; titolo: Il linguaggio C (seconda Edizione); prestito: 07-03-2024 21:13:11; editore: Jackson Libri; anno: 1989; nota: Edizione italiana; collocazione: Z.22.56; luogo_pubblicazione: Milano; descrizione_fisica: 359 p., softcov,  13 cm

______________
LOAN 0

 
_______________
LOAN 0

 
_______________
QUERY 2

autore: Kernighan, Brian W.; autore: Pike, Rob; titolo: Programmazione nella Pratica; prestito: 07-03-2024 21:13:11; editore: Addison-Wesley Longman Italia Editoriale; anno: 1999; nota: Edizione italiana; collocazione: Z.24.56; luogo_pubblicazione: Milano; descrizione_fisica: 294 p., softcov,  13 cm
autore: Kernighan, Brian W.; autore: Ritchie, Dennis M.; titolo: Il linguaggio C (seconda Edizione); prestito: 07-03-2024 21:13:11; editore: Jackson Libri; anno: 1989; nota: Edizione italiana; collocazione: Z.22.56; luogo_pubblicazione: Milano; descrizione_fisica: 359 p., softcov,  13 cm

______________
LOAN 0

 
_______________
LOAN 0

 
_______________
LOAN 0

 
_______________
LOAN 0

 
_______________
QUERY 2

autore: Kernighan, Brian W.; autore: Pike, Rob; titolo: Programmazione nella Pratica; prestito: 07-03-2024 21:13:11; editore: Addison-Wesley Longman Italia Editoriale; anno: 1999; nota: Edizione italiana; collocazione: Z.24.56; luogo_pubblicazione: Milano; descrizione_fisica: 294 p., softcov,  13 cm
autore: Kernighan, Brian W.; autore: Ritchie, Dennis M.; titolo: Il linguaggio C (seconda Edizione); prestito: 07-03-2024 21:13:11; editore: Jackson Libri; anno: 1989; nota: Edizione italiana; collocazione: Z.22.56; luogo_pubblicazione: Milano; descrizione_fisica: 359 p., softcov,  13 cm

______________
LOAN 0

 
_______________
LOAN 0

 
_______________
LOAN 0

 
_______________
LOAN 0

 
_______________
QUERY 2

autore: Kernighan, Brian W.; autore: Pike, Rob; titolo: Programmazione nella Pratica; prestito: 07-03-2024 21:13:11; editore: Addison-Wesley Longman Italia Editoriale; anno: 1999; nota: Edizione italiana; collocazione: Z.24.56; luogo_pubblicazione: Milano; descrizione_fisica: 294 p., softcov,  13 cm
autore: Kernighan, Brian W.; autore: Ritchie, Dennis M.; titolo: Il linguaggio C (seconda Edizione); prestito: 07-03-2024 21:13:11; editore: Jackson Libri; anno: 1989; nota: Edizione italiana; collocazione: Z.22.56; luogo_pubblicazione: Milano; descrizione_fisica: 359 p., softcov,  13 cm

______________
LOAN 0

 
_______________
LOAN 0

 
_______________
LOAN 0

 
_______________
LOAN 0

 
_______________
QUERY 2

autore: Kernighan, Brian W.; autore: Pike, Rob; titolo: Programmazione nella Pratica; prestito: 07-03-2024 21:13:11; editore: Addison-Wesley Longman Italia Editoriale; anno: 1999; nota: Edizione italiana; collocazione: Z.24.56; luogo_pubblicazione: Milano; descrizione_fisica: 294 p., softcov,  13 cm
autore: Kernighan, Brian W.; autore: Ritchie, Dennis M.; titolo: Il linguaggio C (seconda Edizione); prestito: 07-03-2024 21:13:11; editore: Jackson Libri; anno: 1989; nota: Edizione italiana; collocazione: Z.22.56; luogo_pubblicazione: Milano; descrizione_fisica: 359 p., softcov,  13 cm

______________
LOAN 0

 
_______________
LOAN 0

 
_______________
