LOAN 0

 
_______________
LOAN 0

 
_______________
LOAN 0

 
_______________
LOAN 0

 
_______________
LOAN 0

 
_______________
LOAN 0

 
_______________
LOAN 0

 
_______________
LOAN 0

 
_______________
LOAN 0

 
_______________
QUERY 0

 
______________
LOAN 1

autore: Simenon, Georges; titolo: Maigret et la jeune morte; prestito: 07-03-2024 21:13:12; editore: Presses de la Cite; anno: 1954; nota: Edizione Francese; collocazione: KK.ss32; luogo_pubblicazione: Paris; descrizione_fisica: 105p.

_______________
LOAN 0

 
_______________
LOAN 0

 
_______________
LOAN 0

 
_______________
QUERY 0

 
______________
LOAN 0

 
_______________
LOAN 0

 
_______________
LOAN 0

 
_______________
LOAN 0

 
_______________
QUERY 0

 
______________
LOAN 0

 
_______________
LOAN 0

 
_______________
LOAN 0

 
_______________
LOAN 0

 
_______________
QUERY 0

 
______________
LOAN 0

 
_______________
LOAN 0

 
_______________
LOAN 0

 
_______________
LOAN 0

 
_______________
QUERY 0

 
______________
LOAN 0

 
_______________
LOAN 0

 
_______________
LOAN 0

 
_______________
LOAN 0

 
_______________
QUERY 0

 
______________
